build/app/intermediates/manifest_merge_blame_file/debug/manifest-merger-blame-debug-report.txt
1<?xml version="1.0" encoding="utf-8"?>
2<manifest xmlns:android="http://schemas.android.com/apk/res/android"
3    package="com.example.devide_manager"
4    android:versionCode="1"
5    android:versionName="1.0.0" >
6    <!--
7 <meta-data
8    android:name="com.google.firebase.storage.firebaseStorageInternalVersion"
9    android:value="19.1.0" />
10    -->
11    <uses-sdk
12        android:minSdkVersion="25"
13        android:targetSdkVersion="33" />
14    <!--
15         The INTERNET permission is required for development. Specifically,
16         the Flutter tool needs it to communicate with the running application
17         to allow setting breakpoints, to provide hot reload, etc.
18    -->
19    <uses-permission android:name="android.permission.INTERNET" />
19-->src\main\AndroidManifest.xml:34:5-67
19-->src\main\AndroidManifest.xml:34:22-64
20    <uses-permission android:name="android.permission.CAMERA" />
20-->[:flutter_barcode_scanner] AndroidManifest.xml:9:5-65
20-->[:flutter_barcode_scanner] AndroidManifest.xml:9:22-62
21
22    <uses-feature android:name="android.hardware.camera" />
22-->[:flutter_barcode_scanner] AndroidManifest.xml:11:5-60
22-->[:flutter_barcode_scanner] AndroidManifest.xml:11:19-57
23
24    <uses-permission android:name="android.permission.FLASHLIGHT" />
24-->[:flutter_barcode_scanner] AndroidManifest.xml:13:5-69
24-->[:flutter_barcode_scanner] AndroidManifest.xml:13:22-66
25    <uses-permission android:name="android.permission.USE_BIOMETRIC" />
25-->[:local_auth_android] AndroidManifest.xml:9:5-72
25-->[:local_auth_android] AndroidManifest.xml:9:22-69
26
27    <queries>
27-->[:flutter_inappwebview] AndroidManifest.xml:9:5-13:15
28        <intent>
28-->[:flutter_inappwebview] AndroidManifest.xml:10:9-12:18
29            <action android:name="android.support.customtabs.action.CustomTabsService" />
29-->[:flutter_inappwebview] AndroidManifest.xml:11:13-90
29-->[:flutter_inappwebview] AndroidManifest.xml:11:21-87
30        </intent>
31    </queries> <!-- suppress DeprecatedClassUsageInspection -->
32    <uses-permission android:name="android.permission.USE_FINGERPRINT" /> <!-- Although the *SdkVersion is captured in gradle build files, this is required for non gradle builds -->
32-->[androidx.biometric:biometric:1.1.0] AndroidManifest.xml:27:5-74
32-->[androidx.biometric:biometric:1.1.0] AndroidManifest.xml:27:22-71
33    <!-- <uses-sdk android:minSdkVersion="14"/> -->
34    <uses-permission android:name="android.permission.ACCESS_NETWORK_STATE" />
34-->[com.google.firebase:firebase-storage:20.2.0] AndroidManifest.xml:25:5-79
34-->[com.google.firebase:firebase-storage:20.2.0] AndroidManifest.xml:25:22-76
35
36    <permission
36-->[androidx.core:core:1.9.0] AndroidManifest.xml:22:5-24:47
37        android:name="com.example.devide_manager.DYNAMIC_RECEIVER_NOT_EXPORTED_PERMISSION"
37-->[androidx.core:core:1.9.0] AndroidManifest.xml:23:9-81
38        android:protectionLevel="signature" />
38-->[androidx.core:core:1.9.0] AndroidManifest.xml:24:9-44
39
40    <uses-permission android:name="com.example.devide_manager.DYNAMIC_RECEIVER_NOT_EXPORTED_PERMISSION" />
40-->[androidx.core:core:1.9.0] AndroidManifest.xml:26:5-97
40-->[androidx.core:core:1.9.0] AndroidManifest.xml:26:22-94
41
42    <uses-feature
42-->[com.journeyapps:zxing-android-embedded:4.3.0] AndroidManifest.xml:28:5-30:36
43        android:name="android.hardware.camera.front"
43-->[com.journeyapps:zxing-android-embedded:4.3.0] AndroidManifest.xml:29:9-53
44        android:required="false" /> <!-- TODO replace above two with next line after Android 4.2 -->
44-->[com.journeyapps:zxing-android-embedded:4.3.0] AndroidManifest.xml:30:9-33
45    <!-- <uses-feature android:name="android.hardware.camera.any"/> -->
46    <uses-feature
46-->[com.journeyapps:zxing-android-embedded:4.3.0] AndroidManifest.xml:33:5-35:36
47        android:name="android.hardware.camera.autofocus"
47-->[com.journeyapps:zxing-android-embedded:4.3.0] AndroidManifest.xml:34:9-57
48        android:required="false" />
48-->[com.journeyapps:zxing-android-embedded:4.3.0] AndroidManifest.xml:35:9-33
49    <uses-feature
49-->[com.journeyapps:zxing-android-embedded:4.3.0] AndroidManifest.xml:36:5-38:36
50        android:name="android.hardware.camera.flash"
50-->[com.journeyapps:zxing-android-embedded:4.3.0] AndroidManifest.xml:37:9-53
51        android:required="false" />
51-->[com.journeyapps:zxing-android-embedded:4.3.0] AndroidManifest.xml:38:9-33
52    <uses-feature
52-->[com.journeyapps:zxing-android-embedded:4.3.0] AndroidManifest.xml:39:5-41:36
53        android:name="android.hardware.screen.landscape"
53-->[com.journeyapps:zxing-android-embedded:4.3.0] AndroidManifest.xml:40:9-57
54        android:required="false" />
54-->[com.journeyapps:zxing-android-embedded:4.3.0] AndroidManifest.xml:41:9-33
55    <uses-feature
55-->[com.journeyapps:zxing-android-embedded:4.3.0] AndroidManifest.xml:42:5-44:36
56        android:name="android.hardware.wifi"
56-->[com.journeyapps:zxing-android-embedded:4.3.0] AndroidManifest.xml:43:9-45
57        android:required="false" />
57-->[com.journeyapps:zxing-android-embedded:4.3.0] AndroidManifest.xml:44:9-33
58
59    <application
60        android:name="android.app.Application"
61        android:appComponentFactory="androidx.core.app.CoreComponentFactory"
61-->[androidx.core:core:1.9.0] AndroidManifest.xml:28:18-86
62        android:debuggable="true"
63        android:extractNativeLibs="false"
64        android:icon="@mipmap/ic_launcher"
65        android:label="Device Manage"
66        android:largeHeap="true"
66-->[:flutter_barcode_scanner] AndroidManifest.xml:16:9-33
67        android:theme="@style/Theme.AppCompat.NoActionBar" >
67-->[:flutter_barcode_scanner] AndroidManifest.xml:17:9-59
68        <activity
69            android:name="com.example.devide_manager.MainActivity"
70            android:configChanges="orientation|keyboardHidden|keyboard|screenSize|smallestScreenSize|locale|layoutDirection|fontScale|screenLayout|density|uiMode"
71            android:exported="true"
72            android:hardwareAccelerated="true"
73            android:launchMode="singleTop"
74            android:theme="@style/LaunchTheme"
75            android:windowSoftInputMode="adjustResize" >
76
77            <!--
78                 Specifies an Android theme to apply to this Activity as soon as
79                 the Android process has started. This theme is visible to the user
80                 while the Flutter UI initializes. After that, this theme continues
81                 to determine the Window background behind the Flutter UI.
82            -->
83            <meta-data
84                android:name="io.flutter.embedding.android.NormalTheme"
85                android:resource="@style/NormalTheme" />
86
87            <intent-filter>
88                <action android:name="android.intent.action.MAIN" />
89
90                <category android:name="android.intent.category.LAUNCHER" />
91            </intent-filter>
92        </activity>
93        <!--
94             Don't delete the meta-data below.
95             This is used by the Flutter tool to generate GeneratedPluginRegistrant.java
96        -->
97        <meta-data
98            android:name="flutterEmbedding"
99            android:value="2" />
100
101        <service
101-->[:firebase_app_check] AndroidManifest.xml:10:9-14:19
102            android:name="com.google.firebase.components.ComponentDiscoveryService"
102-->[:firebase_app_check] AndroidManifest.xml:10:18-89
103            android:directBootAware="true"
103-->[com.google.firebase:firebase-common:20.3.2] AndroidManifest.xml:34:13-43
104            android:exported="false" >
104-->[com.google.firebase:firebase-appcheck-safetynet:16.1.0] AndroidManifest.xml:26:13-37
105            <meta-data
105-->[:firebase_app_check] AndroidManifest.xml:11:13-13:85
106                android:name="com.google.firebase.components:io.flutter.plugins.firebase.appcheck.FlutterFirebaseAppRegistrar"
106-->[:firebase_app_check] AndroidManifest.xml:12:17-127
107                android:value="com.google.firebase.components.ComponentRegistrar" />
107-->[:firebase_app_check] AndroidManifest.xml:13:17-82
108            <meta-data
108-->[:firebase_storage] AndroidManifest.xml:11:13-13:85
109                android:name="com.google.firebase.components:io.flutter.plugins.firebase.storage.FlutterFirebaseAppRegistrar"
109-->[:firebase_storage] AndroidManifest.xml:12:17-126
110                android:value="com.google.firebase.components.ComponentRegistrar" />
110-->[:firebase_storage] AndroidManifest.xml:13:17-82
111            <meta-data
111-->[:firebase_core] AndroidManifest.xml:11:13-13:85
112                android:name="com.google.firebase.components:io.flutter.plugins.firebase.core.FlutterFirebaseCoreRegistrar"
112-->[:firebase_core] AndroidManifest.xml:12:17-124
113                android:value="com.google.firebase.components.ComponentRegistrar" />
113-->[:firebase_core] AndroidManifest.xml:13:17-82
114            <meta-data
114-->[com.google.firebase:firebase-appcheck-safetynet:16.1.0] AndroidManifest.xml:27:13-29:85
115                android:name="com.google.firebase.components:com.google.firebase.appcheck.safetynet.FirebaseAppCheckSafetyNetRegistrar"
115-->[com.google.firebase:firebase-appcheck-safetynet:16.1.0] AndroidManifest.xml:28:17-136
116                android:value="com.google.firebase.components.ComponentRegistrar" />
116-->[com.google.firebase:firebase-appcheck-safetynet:16.1.0] AndroidManifest.xml:29:17-82
117            <meta-data
117-->[com.google.firebase:firebase-appcheck-debug:17.0.1] AndroidManifest.xml:27:13-29:85
118                android:name="com.google.firebase.components:com.google.firebase.appcheck.debug.FirebaseAppCheckDebugRegistrar"
118-->[com.google.firebase:firebase-appcheck-debug:17.0.1] AndroidManifest.xml:28:17-128
119                android:value="com.google.firebase.components.ComponentRegistrar" />
119-->[com.google.firebase:firebase-appcheck-debug:17.0.1] AndroidManifest.xml:29:17-82
120            <meta-data
120-->[com.google.firebase:firebase-appcheck-playintegrity:17.0.1] AndroidManifest.xml:27:13-29:85
121                android:name="com.google.firebase.components:com.google.firebase.appcheck.playintegrity.FirebaseAppCheckPlayIntegrityRegistrar"
121-->[com.google.firebase:firebase-appcheck-playintegrity:17.0.1] AndroidManifest.xml:28:17-144
122                android:value="com.google.firebase.components.ComponentRegistrar" />
122-->[com.google.firebase:firebase-appcheck-playintegrity:17.0.1] AndroidManifest.xml:29:17-82
123            <meta-data
123-->[com.google.firebase:firebase-storage:20.2.0] AndroidManifest.xml:32:13-34:85
124                android:name="com.google.firebase.components:com.google.firebase.storage.StorageRegistrar"
124-->[com.google.firebase:firebase-storage:20.2.0] AndroidManifest.xml:33:17-107
125                android:value="com.google.firebase.components.ComponentRegistrar" />
125-->[com.google.firebase:firebase-storage:20.2.0] AndroidManifest.xml:34:17-82
126            <meta-data
126-->[com.google.firebase:firebase-appcheck:17.0.1] AndroidManifest.xml:27:13-29:85
127                android:name="com.google.firebase.components:com.google.firebase.appcheck.FirebaseAppCheckRegistrar"
127-->[com.google.firebase:firebase-appcheck:17.0.1] AndroidManifest.xml:28:17-117
128                android:value="com.google.firebase.components.ComponentRegistrar" />
128-->[com.google.firebase:firebase-appcheck:17.0.1] AndroidManifest.xml:29:17-82
129        </service>
130
131        <activity android:name="com.amolg.flutterbarcodescanner.BarcodeCaptureActivity" />
131-->[:flutter_barcode_scanner] AndroidManifest.xml:18:9-91
131-->[:flutter_barcode_scanner] AndroidManifest.xml:18:19-88
132
133        <provider
133-->[:image_picker_android] AndroidManifest.xml:10:9-18:20
134            android:name="io.flutter.plugins.imagepicker.ImagePickerFileProvider"
134-->[:image_picker_android] AndroidManifest.xml:11:13-82
135            android:authorities="com.example.devide_manager.flutter.image_provider"
135-->[:image_picker_android] AndroidManifest.xml:12:13-74
136            android:exported="false"
136-->[:image_picker_android] AndroidManifest.xml:13:13-37
137            android:grantUriPermissions="true" >
137-->[:image_picker_android] AndroidManifest.xml:14:13-47
138            <meta-data
138-->[:image_picker_android] AndroidManifest.xml:15:13-17:75
139                android:name="android.support.FILE_PROVIDER_PATHS"
139-->[:image_picker_android] AndroidManifest.xml:16:17-67
140                android:resource="@xml/flutter_image_picker_file_paths" />
140-->[:image_picker_android] AndroidManifest.xml:17:17-72
141        </provider>
142
143        <activity
143-->[:url_launcher_android] AndroidManifest.xml:10:9-13:74
144            android:name="io.flutter.plugins.urllauncher.WebViewActivity"
144-->[:url_launcher_android] AndroidManifest.xml:11:13-74
145            android:exported="false"
145-->[:url_launcher_android] AndroidManifest.xml:12:13-37
146            android:theme="@android:style/Theme.NoTitleBar.Fullscreen" />
146-->[:url_launcher_android] AndroidManifest.xml:13:13-71
147        <activity
147-->[:flutter_inappwebview] AndroidManifest.xml:16:9-20:47
148            android:name="com.pichillilorenzo.flutter_inappwebview.in_app_browser.InAppBrowserActivity"
148-->[:flutter_inappwebview] AndroidManifest.xml:17:13-104
149            android:configChanges="orientation|keyboardHidden|keyboard|screenSize|locale|layoutDirection|fontScale|screenLayout|density"
149-->[:flutter_inappwebview] AndroidManifest.xml:18:13-137
150            android:exported="false"
150-->[:flutter_inappwebview] AndroidManifest.xml:19:13-37
151            android:theme="@style/AppTheme" />
151-->[:flutter_inappwebview] AndroidManifest.xml:20:13-44
152        <activity
152-->[:flutter_inappwebview] AndroidManifest.xml:21:9-24:55
153            android:name="com.pichillilorenzo.flutter_inappwebview.chrome_custom_tabs.ChromeCustomTabsActivity"
153-->[:flutter_inappwebview] AndroidManifest.xml:22:13-112
154            android:exported="false"
154-->[:flutter_inappwebview] AndroidManifest.xml:23:13-37
155            android:theme="@style/ThemeTransparent" />
155-->[:flutter_inappwebview] AndroidManifest.xml:24:13-52
156        <activity
156-->[:flutter_inappwebview] AndroidManifest.xml:25:9-28:55
157            android:name="com.pichillilorenzo.flutter_inappwebview.chrome_custom_tabs.TrustedWebActivity"
157-->[:flutter_inappwebview] AndroidManifest.xml:26:13-106
158            android:exported="false"
158-->[:flutter_inappwebview] AndroidManifest.xml:27:13-37
159            android:theme="@style/ThemeTransparent" />
159-->[:flutter_inappwebview] AndroidManifest.xml:28:13-52
160        <activity
160-->[:flutter_inappwebview] AndroidManifest.xml:29:9-33:55
161            android:name="com.pichillilorenzo.flutter_inappwebview.chrome_custom_tabs.ChromeCustomTabsActivitySingleInstance"
161-->[:flutter_inappwebview] AndroidManifest.xml:30:13-126
162            android:exported="false"
162-->[:flutter_inappwebview] AndroidManifest.xml:31:13-37
163            android:launchMode="singleInstance"
163-->[:flutter_inappwebview] AndroidManifest.xml:32:13-48
164            android:theme="@style/ThemeTransparent" />
164-->[:flutter_inappwebview] AndroidManifest.xml:33:13-52
165        <activity
165-->[:flutter_inappwebview] AndroidManifest.xml:34:9-38:55
166            android:name="com.pichillilorenzo.flutter_inappwebview.chrome_custom_tabs.TrustedWebActivitySingleInstance"
166-->[:flutter_inappwebview] AndroidManifest.xml:35:13-120
167            android:exported="false"
167-->[:flutter_inappwebview] AndroidManifest.xml:36:13-37
168            android:launchMode="singleInstance"
168-->[:flutter_inappwebview] AndroidManifest.xml:37:13-48
169            android:theme="@style/ThemeTransparent" />
169-->[:flutter_inappwebview] AndroidManifest.xml:38:13-52
170
171        <receiver
171-->[:flutter_inappwebview] AndroidManifest.xml:40:9-43:40
172            android:name="com.pichillilorenzo.flutter_inappwebview.chrome_custom_tabs.ActionBroadcastReceiver"
172-->[:flutter_inappwebview] AndroidManifest.xml:41:13-111
173            android:enabled="true"
173-->[:flutter_inappwebview] AndroidManifest.xml:42:13-35
174            android:exported="false" />
174-->[:flutter_inappwebview] AndroidManifest.xml:43:13-37
175
176        <meta-data
176-->[:flutter_inappwebview] AndroidManifest.xml:45:9-47:36
177            android:name="io.flutter.embedded_views_preview"
177-->[:flutter_inappwebview] AndroidManifest.xml:46:13-61
178            android:value="true" />
178-->[:flutter_inappwebview] AndroidManifest.xml:47:13-33
179
180        <provider
180-->[com.google.firebase:firebase-common:20.3.2] AndroidManifest.xml:25:9-30:39
181            android:name="com.google.firebase.provider.FirebaseInitProvider"
181-->[com.google.firebase:firebase-common:20.3.2] AndroidManifest.xml:26:13-77
182            android:authorities="com.example.devide_manager.firebaseinitprovider"
182-->[com.google.firebase:firebase-common:20.3.2] AndroidManifest.xml:27:13-72
183            android:directBootAware="true"
183-->[com.google.firebase:firebase-common:20.3.2] AndroidManifest.xml:28:13-43
184            android:exported="false"
184-->[com.google.firebase:firebase-common:20.3.2] AndroidManifest.xml:29:13-37
185            android:initOrder="100" />
185-->[com.google.firebase:firebase-common:20.3.2] AndroidManifest.xml:30:13-36
186
187        <service
187-->[com.google.android.gms:play-services-mlkit-barcode-scanning:18.2.0] AndroidManifest.xml:9:9-15:19
188            android:name="com.google.mlkit.common.internal.MlKitComponentDiscoveryService"
188-->[com.google.android.gms:play-services-mlkit-barcode-scanning:18.2.0] AndroidManifest.xml:10:13-91
189            android:directBootAware="true"
189-->[com.google.mlkit:common:18.7.0] AndroidManifest.xml:17:13-43
190            android:exported="false" >
190-->[com.google.android.gms:play-services-mlkit-barcode-scanning:18.2.0] AndroidManifest.xml:11:13-37
191            <meta-data
191-->[com.google.android.gms:play-services-mlkit-barcode-scanning:18.2.0] AndroidManifest.xml:12:13-14:85
192                android:name="com.google.firebase.components:com.google.mlkit.vision.barcode.internal.BarcodeRegistrar"
192-->[com.google.android.gms:play-services-mlkit-barcode-scanning:18.2.0] AndroidManifest.xml:13:17-120
193                android:value="com.google.firebase.components.ComponentRegistrar" />
193-->[com.google.android.gms:play-services-mlkit-barcode-scanning:18.2.0] AndroidManifest.xml:14:17-82
194            <meta-data
194-->[com.google.mlkit:vision-common:17.3.0] AndroidManifest.xml:12:13-14:85
195                android:name="com.google.firebase.components:com.google.mlkit.vision.common.internal.VisionCommonRegistrar"
195-->[com.google.mlkit:vision-common:17.3.0] AndroidManifest.xml:13:17-124
196                android:value="com.google.firebase.components.ComponentRegistrar" />
196-->[com.google.mlkit:vision-common:17.3.0] AndroidManifest.xml:14:17-82
197            <meta-data
197-->[com.google.mlkit:common:18.7.0] AndroidManifest.xml:20:13-22:85
198                android:name="com.google.firebase.components:com.google.mlkit.common.internal.CommonComponentRegistrar"
198-->[com.google.mlkit:common:18.7.0] AndroidManifest.xml:21:17-120
199                android:value="com.google.firebase.components.ComponentRegistrar" />
199-->[com.google.mlkit:common:18.7.0] AndroidManifest.xml:22:17-82
200        </service>
201
202        <provider
202-->[com.google.mlkit:common:18.7.0] AndroidManifest.xml:9:9-13:38
203            android:name="com.google.mlkit.common.internal.MlKitInitProvider"
203-->[com.google.mlkit:common:18.7.0] AndroidManifest.xml:10:13-78
204            android:authorities="com.example.devide_manager.mlkitinitprovider"
204-->[com.google.mlkit:common:18.7.0] AndroidManifest.xml:11:13-69
205            android:exported="false"
205-->[com.google.mlkit:common:18.7.0] AndroidManifest.xml:12:13-37
206            android:initOrder="99" />
206-->[com.google.mlkit:common:18.7.0] AndroidManifest.xml:13:13-35
207
208        <activity
208-->[com.google.android.gms:play-services-base:18.1.0] AndroidManifest.xml:20:9-22:45
209            android:name="com.google.android.gms.common.api.GoogleApiActivity"
209-->[com.google.android.gms:play-services-base:18.1.0] AndroidManifest.xml:20:19-85
210            android:exported="false"
210-->[com.google.android.gms:play-services-base:18.1.0] AndroidManifest.xml:22:19-43
211            android:theme="@android:style/Theme.Translucent.NoTitleBar" />
211-->[com.google.android.gms:play-services-base:18.1.0] AndroidManifest.xml:21:19-78
212
213        <meta-data
213-->[com.google.android.gms:play-services-basement:18.1.0] AndroidManifest.xml:21:9-23:69
214            android:name="com.google.android.gms.version"
214-->[com.google.android.gms:play-services-basement:18.1.0] AndroidManifest.xml:22:13-58
215            android:value="@integer/google_play_services_version" />
215-->[com.google.android.gms:play-services-basement:18.1.0] AndroidManifest.xml:23:13-66
216
217        <service
217-->[androidx.camera:camera-camera2:1.2.2] AndroidManifest.xml:24:9-33:19
218            android:name="androidx.camera.core.impl.MetadataHolderService"
218-->[androidx.camera:camera-camera2:1.2.2] AndroidManifest.xml:25:13-75
219            android:enabled="false"
219-->[androidx.camera:camera-camera2:1.2.2] AndroidManifest.xml:26:13-36
220            android:exported="false" >
220-->[androidx.camera:camera-camera2:1.2.2] AndroidManifest.xml:27:13-37
221            <meta-data
221-->[androidx.camera:camera-camera2:1.2.2] AndroidManifest.xml:30:13-32:89
222                android:name="androidx.camera.core.impl.MetadataHolderService.DEFAULT_CONFIG_PROVIDER"
222-->[androidx.camera:camera-camera2:1.2.2] AndroidManifest.xml:31:17-103
223                android:value="androidx.camera.camera2.Camera2Config$DefaultProvider" />
223-->[androidx.camera:camera-camera2:1.2.2] AndroidManifest.xml:32:17-86
224        </service>
225
226        <provider
226-->[androidx.emoji2:emoji2:1.2.0] AndroidManifest.xml:24:9-32:20
227            android:name="androidx.startup.InitializationProvider"
227-->[androidx.emoji2:emoji2:1.2.0] AndroidManifest.xml:25:13-67
228            android:authorities="com.example.devide_manager.androidx-startup"
228-->[androidx.emoji2:emoji2:1.2.0] AndroidManifest.xml:26:13-68
229            android:exported="false" >
229-->[androidx.emoji2:emoji2:1.2.0] AndroidManifest.xml:27:13-37
230            <meta-data
230-->[androidx.emoji2:emoji2:1.2.0] AndroidManifest.xml:29:13-31:52
231                android:name="androidx.emoji2.text.EmojiCompatInitializer"
231-->[androidx.emoji2:emoji2:1.2.0] AndroidManifest.xml:30:17-75
232                android:value="androidx.startup" />
232-->[androidx.emoji2:emoji2:1.2.0] AndroidManifest.xml:31:17-49
233            <meta-data
233-->[androidx.lifecycle:lifecycle-process:2.6.1] AndroidManifest.xml:29:13-31:52
234                android:name="androidx.lifecycle.ProcessLifecycleInitializer"
234-->[androidx.lifecycle:lifecycle-process:2.6.1] AndroidManifest.xml:30:17-78
235                android:value="androidx.startup" />
235-->[androidx.lifecycle:lifecycle-process:2.6.1] AndroidManifest.xml:31:17-49
236            <meta-data
236-->[androidx.profileinstaller:profileinstaller:1.3.0] AndroidManifest.xml:29:13-31:52
237                android:name="androidx.profileinstaller.ProfileInstallerInitializer"
237-->[androidx.profileinstaller:profileinstaller:1.3.0] AndroidManifest.xml:30:17-85
238                android:value="androidx.startup" />
238-->[androidx.profileinstaller:profileinstaller:1.3.0] AndroidManifest.xml:31:17-49
239        </provider>
240
241        <uses-library
241-->[androidx.window:window:1.0.0-beta04] AndroidManifest.xml:25:9-27:40
242            android:name="androidx.window.extensions"
242-->[androidx.window:window:1.0.0-beta04] AndroidManifest.xml:26:13-54
243            android:required="false" />
243-->[androidx.window:window:1.0.0-beta04] AndroidManifest.xml:27:13-37
244        <uses-library
244-->[androidx.window:window:1.0.0-beta04] AndroidManifest.xml:28:9-30:40
245            android:name="androidx.window.sidecar"
245-->[androidx.window:window:1.0.0-beta04] AndroidManifest.xml:29:13-51
246            android:required="false" />
246-->[androidx.window:window:1.0.0-beta04] AndroidManifest.xml:30:13-37
247
248        <service
248-->[com.google.android.datatransport:transport-backend-cct:2.3.3] AndroidManifest.xml:29:9-35:19
249            android:name="com.google.android.datatransport.runtime.backends.TransportBackendDiscovery"
249-->[com.google.android.datatransport:transport-backend-cct:2.3.3] AndroidManifest.xml:30:13-103
250            android:exported="false" >
250-->[com.google.android.datatransport:transport-backend-cct:2.3.3] AndroidManifest.xml:31:13-37
251            <meta-data
251-->[com.google.android.datatransport:transport-backend-cct:2.3.3] AndroidManifest.xml:32:13-34:39
252                android:name="backend:com.google.android.datatransport.cct.CctBackendFactory"
252-->[com.google.android.datatransport:transport-backend-cct:2.3.3] AndroidManifest.xml:33:17-94
253                android:value="cct" />
253-->[com.google.android.datatransport:transport-backend-cct:2.3.3] AndroidManifest.xml:34:17-36
254        </service>
255
256        <receiver
256-->[androidx.profileinstaller:profileinstaller:1.3.0] AndroidManifest.xml:34:9-52:20
257            android:name="androidx.profileinstaller.ProfileInstallReceiver"
257-->[androidx.profileinstaller:profileinstaller:1.3.0] AndroidManifest.xml:35:13-76
258            android:directBootAware="false"
258-->[androidx.profileinstaller:profileinstaller:1.3.0] AndroidManifest.xml:36:13-44
259            android:enabled="true"
259-->[androidx.profileinstaller:profileinstaller:1.3.0] AndroidManifest.xml:37:13-35
260            android:exported="true"
260-->[androidx.profileinstaller:profileinstaller:1.3.0] AndroidManifest.xml:38:13-36
261            android:permission="android.permission.DUMP" >
261-->[androidx.profileinstaller:profileinstaller:1.3.0] AndroidManifest.xml:39:13-57
262            <intent-filter>
262-->[androidx.profileinstaller:profileinstaller:1.3.0] AndroidManifest.xml:40:13-42:29
263                <action android:name="androidx.profileinstaller.action.INSTALL_PROFILE" />
263-->[androidx.profileinstaller:profileinstaller:1.3.0] AndroidManifest.xml:41:17-91
263-->[androidx.profileinstaller:profileinstaller:1.3.0] AndroidManifest.xml:41:25-88
264            </intent-filter>
265            <intent-filter>
265-->[androidx.profileinstaller:profileinstaller:1.3.0] AndroidManifest.xml:43:13-45:29
266                <action android:name="androidx.profileinstaller.action.SKIP_FILE" />
266-->[androidx.profileinstaller:profileinstaller:1.3.0] AndroidManifest.xml:44:17-85
266-->[androidx.profileinstaller:profileinstaller:1.3.0] AndroidManifest.xml:44:25-82
267            </intent-filter>
268            <intent-filter>
268-->[androidx.profileinstaller:profileinstaller:1.3.0] AndroidManifest.xml:46:13-48:29
269                <action android:name="androidx.profileinstaller.action.SAVE_PROFILE" />
269-->[androidx.profileinstaller:profileinstaller:1.3.0] AndroidManifest.xml:47:17-88
269-->[androidx.profileinstaller:profileinstaller:1.3.0] AndroidManifest.xml:47:25-85
270            </intent-filter>
271            <intent-filter>
271-->[androidx.profileinstaller:profileinstaller:1.3.0] AndroidManifest.xml:49:13-51:29
272                <action android:name="androidx.profileinstaller.action.BENCHMARK_OPERATION" />
272-->[androidx.profileinstaller:profileinstaller:1.3.0] AndroidManifest.xml:50:17-95
272-->[androidx.profileinstaller:profileinstaller:1.3.0] AndroidManifest.xml:50:25-92
273            </intent-filter>
274        </receiver>
275
276        <service
276-->[com.google.android.datatransport:transport-runtime:2.2.6] AndroidManifest.xml:26:9-30:19
277            android:name="com.google.android.datatransport.runtime.scheduling.jobscheduling.JobInfoSchedulerService"
277-->[com.google.android.datatransport:transport-runtime:2.2.6] AndroidManifest.xml:27:13-117
278            android:exported="false"
278-->[com.google.android.datatransport:transport-runtime:2.2.6] AndroidManifest.xml:28:13-37
279            android:permission="android.permission.BIND_JOB_SERVICE" >
279-->[com.google.android.datatransport:transport-runtime:2.2.6] AndroidManifest.xml:29:13-69
280        </service>
281
282        <receiver
282-->[com.google.android.datatransport:transport-runtime:2.2.6] AndroidManifest.xml:32:9-34:40
283            android:name="com.google.android.datatransport.runtime.scheduling.jobscheduling.AlarmManagerSchedulerBroadcastReceiver"
283-->[com.google.android.datatransport:transport-runtime:2.2.6] AndroidManifest.xml:33:13-132
284            android:exported="false" />
284-->[com.google.android.datatransport:transport-runtime:2.2.6] AndroidManifest.xml:34:13-37
285
286        <activity
286-->[com.journeyapps:zxing-android-embedded:4.3.0] AndroidManifest.xml:47:9-53:63
287            android:name="com.journeyapps.barcodescanner.CaptureActivity"
287-->[com.journeyapps:zxing-android-embedded:4.3.0] AndroidManifest.xml:48:13-74
288            android:clearTaskOnLaunch="true"
288-->[com.journeyapps:zxing-android-embedded:4.3.0] AndroidManifest.xml:49:13-45
289            android:screenOrientation="sensorLandscape"
289-->[com.journeyapps:zxing-android-embedded:4.3.0] AndroidManifest.xml:50:13-56
290            android:stateNotNeeded="true"
290-->[com.journeyapps:zxing-android-embedded:4.3.0] AndroidManifest.xml:51:13-42
291            android:theme="@style/zxing_CaptureTheme"